sudo dnf install https://download1.rpmfusion.org/nonfree/fedora/rpmfusion-nonfree-release-40.noarch.rpm
sudo dnf install discord
sudo dnf install steam
sudo vi /etc/hosts
sudo dnf config-manager --add-repo https://dl.winehq.org/wine-builds/fedora/40/winehq.repo
sudo dnf install winehq-staging
sudo dnf install lutris
gsettings set org.gnome.mutter experimental-features "['scale-monitor-framebuffer', 'variable-refresh-rate']"
sudo dnf copr enable jackgreiner/lug-helper
# default vm memory mapping is 1048576 (1GB) while the linux default is 65530 (64MB)
#temp = sudo sysctl -w vm.max_map_count=29360128
#perm
vi /etc/sysctl.d/20-starcitizen-max_map_count.conf
# vm.max_map_count=29360128
sudo sysctl --systm
# https://extensions.gnome.org/extension/1460/vitals/
echo "install Vitals"
sudo dnf install make
sudo dnf install stack
sudo dnf install xone lpf-xone-firmware
sudo dnf install ifuse
sudo dnf install vlc
sudo dnf install https://mirrors.rpmfusion.org/free/fedora/rpmfusion-free-release-40.noarch.rpm https://mirrors.rpmfusion.org/nonfree/fedora/rpmfusion-nonfree-release-40.noarch.rpm
sudo dnf groupupdate Multimedia #libde265 codec
sudo dnf install gh
Install gnome tweaks
# Add ptyxis transparency: 
gsettings set 'org.gnome.Ptyxis.Profile:/org/gnome/Ptyxis/Profiles/'0485d8ab591f7bf2419267cf67478e93'/' 'opacity' '0.95'
sudo dnf install heif-pixbuf-loader
sudo dnf install evolution
sudo rpm --import https://packages.microsoft.com/keys/microsoft.asc
echo -e [code]nname=Visual Studio Codenbaseurl=https://packages.microsoft.com/yumrepos/vscodenenabled=1ngpgcheck=1ngpgkey=https://packages.microsoft.com/keys/microsoft.asc | sudo tee /etc/yum.repos.d/vscode.repo > /dev/null
dnf check-update; sudo dnf install code
sudo dnf install cmake qt5-qttools-devel qt5-qtbase-private-devel procps-ng-devel opencv-devel
sudo dnf install glibc-devel libevdev-devel libstdc++-devel qt5-qtserialport-devel wine wine-devel
# Opentrack install w/wine - https://markx86.github.io/opentrack-wine-guide/
## git clone https://github.com/opentrack/opentrack
## cd opentrack; mkdir build; cd build; ccmake ..; ccmake .
## Within editor change CMAKE_INSTALL_PREFIX to /home/joel/.local
## SDK_WINE from off to on
## hit 'c' to configure
## hit 'g' to build the Makefiles (which should through you back to terminal)
## make -j$(nproc)
## make install 
